#! /usr/local/Cellar/icarus-verilog/11.0/bin/vvp
:ivl_version "11.0 (stable)";
:ivl_delay_selection "TYPICAL";
:vpi_time_precision + 0;
:vpi_module "/usr/local/Cellar/icarus-verilog/11.0/lib/ivl/system.vpi";
:vpi_module "/usr/local/Cellar/icarus-verilog/11.0/lib/ivl/vhdl_sys.vpi";
:vpi_module "/usr/local/Cellar/icarus-verilog/11.0/lib/ivl/vhdl_textio.vpi";
:vpi_module "/usr/local/Cellar/icarus-verilog/11.0/lib/ivl/v2005_math.vpi";
:vpi_module "/usr/local/Cellar/icarus-verilog/11.0/lib/ivl/va_math.vpi";
S_0x7fbb8d604380 .scope module, "AND" "AND" 2 145;
 .timescale 0 0;
    .port_info 0 /INPUT 1 "entrada1";
    .port_info 1 /INPUT 1 "entrada2";
    .port_info 2 /OUTPUT 1 "saida";
o0x7fbb8d332008 .functor BUFZ 1, C4<z>; HiZ drive
o0x7fbb8d332038 .functor BUFZ 1, C4<z>; HiZ drive
L_0x7fbb8d008eb0 .functor AND 1, o0x7fbb8d332008, o0x7fbb8d332038, C4<1>, C4<1>;
v0x7fbb8d011290_0 .net "entrada1", 0 0, o0x7fbb8d332008;  0 drivers
v0x7fbb8d030740_0 .net "entrada2", 0 0, o0x7fbb8d332038;  0 drivers
v0x7fbb8d0307e0_0 .net "saida", 0 0, L_0x7fbb8d008eb0;  1 drivers
S_0x7fbb8d008120 .scope module, "ULA" "ULA" 2 24;
 .timescale 0 0;
    .port_info 0 /INPUT 8 "number1";
    .port_info 1 /INPUT 8 "number2";
    .port_info 2 /INPUT 1 "operation";
    .port_info 3 /OUTPUT 8 "result";
o0x7fbb8d332128 .functor BUFZ 8, C4<zzzzzzzz>; HiZ drive
v0x7fbb8d0308f0_0 .net "number1", 7 0, o0x7fbb8d332128;  0 drivers
o0x7fbb8d332158 .functor BUFZ 8, C4<zzzzzzzz>; HiZ drive
v0x7fbb8d0309b0_0 .net "number2", 7 0, o0x7fbb8d332158;  0 drivers
o0x7fbb8d332188 .functor BUFZ 1, C4<z>; HiZ drive
v0x7fbb8d030a60_0 .net "operation", 0 0, o0x7fbb8d332188;  0 drivers
v0x7fbb8d030b10_0 .var "result", 7 0;
E_0x7fbb8d0308a0 .event edge, v0x7fbb8d030a60_0;
S_0x7fbb8d008290 .scope module, "banco_registradores" "banco_registradores" 2 197;
 .timescale 0 0;
    .port_info 0 /INPUT 1 "clock";
    .port_info 1 /INPUT 3 "reg_endSalto";
    .port_info 2 /INPUT 3 "endereco_regd";
    .port_info 3 /INPUT 3 "endereco_reg1";
    .port_info 4 /INPUT 3 "endereco_reg2";
    .port_info 5 /INPUT 8 "data_in";
    .port_info 6 /OUTPUT 8 "valor_regd";
    .port_info 7 /OUTPUT 8 "valor_reg1";
    .port_info 8 /OUTPUT 8 "valor_reg2";
    .port_info 9 /OUTPUT 8 "valor_endSalto";
    .port_info 10 /INPUT 1 "regWrite";
L_0x7fbb8d033a00 .functor BUFZ 8, L_0x7fbb8d0337c0, C4<00000000>, C4<00000000>, C4<00000000>;
L_0x7fbb8d033cf0 .functor BUFZ 8, L_0x7fbb8d033ab0, C4<00000000>, C4<00000000>, C4<00000000>;
L_0x7fbb8d033fb0 .functor BUFZ 8, L_0x7fbb8d033da0, C4<00000000>, C4<00000000>, C4<00000000>;
L_0x7fbb8d0342e0 .functor BUFZ 8, L_0x7fbb8d034080, C4<00000000>, C4<00000000>, C4<00000000>;
v0x7fbb8d030c70_0 .net *"_ivl_0", 7 0, L_0x7fbb8d0337c0;  1 drivers
v0x7fbb8d030d30_0 .net *"_ivl_10", 4 0, L_0x7fbb8d033b90;  1 drivers
L_0x7fbb8d363050 .functor BUFT 1, C4<00>, C4<0>, C4<0>, C4<0>;
v0x7fbb8d030dd0_0 .net *"_ivl_13", 1 0, L_0x7fbb8d363050;  1 drivers
v0x7fbb8d030e80_0 .net *"_ivl_16", 7 0, L_0x7fbb8d033da0;  1 drivers
v0x7fbb8d030f30_0 .net *"_ivl_18", 4 0, L_0x7fbb8d033e70;  1 drivers
v0x7fbb8d031020_0 .net *"_ivl_2", 4 0, L_0x7fbb8d0338a0;  1 drivers
L_0x7fbb8d363098 .functor BUFT 1, C4<00>, C4<0>, C4<0>, C4<0>;
v0x7fbb8d0310d0_0 .net *"_ivl_21", 1 0, L_0x7fbb8d363098;  1 drivers
v0x7fbb8d031180_0 .net *"_ivl_24", 7 0, L_0x7fbb8d034080;  1 drivers
v0x7fbb8d031230_0 .net *"_ivl_26", 4 0, L_0x7fbb8d034180;  1 drivers
L_0x7fbb8d3630e0 .functor BUFT 1, C4<00>, C4<0>, C4<0>, C4<0>;
v0x7fbb8d031340_0 .net *"_ivl_29", 1 0, L_0x7fbb8d3630e0;  1 drivers
L_0x7fbb8d363008 .functor BUFT 1, C4<00>, C4<0>, C4<0>, C4<0>;
v0x7fbb8d0313f0_0 .net *"_ivl_5", 1 0, L_0x7fbb8d363008;  1 drivers
v0x7fbb8d0314a0_0 .net *"_ivl_8", 7 0, L_0x7fbb8d033ab0;  1 drivers
o0x7fbb8d3324e8 .functor BUFZ 1, C4<z>; HiZ drive
v0x7fbb8d031550_0 .net "clock", 0 0, o0x7fbb8d3324e8;  0 drivers
o0x7fbb8d332518 .functor BUFZ 8, C4<zzzzzzzz>; HiZ drive
v0x7fbb8d0315f0_0 .net "data_in", 7 0, o0x7fbb8d332518;  0 drivers
o0x7fbb8d332548 .functor BUFZ 3, C4<zzz>; HiZ drive
v0x7fbb8d0316a0_0 .net "endereco_reg1", 2 0, o0x7fbb8d332548;  0 drivers
o0x7fbb8d332578 .functor BUFZ 3, C4<zzz>; HiZ drive
v0x7fbb8d031750_0 .net "endereco_reg2", 2 0, o0x7fbb8d332578;  0 drivers
o0x7fbb8d3325a8 .functor BUFZ 3, C4<zzz>; HiZ drive
v0x7fbb8d031800_0 .net "endereco_regd", 2 0, o0x7fbb8d3325a8;  0 drivers
o0x7fbb8d3325d8 .functor BUFZ 1, C4<z>; HiZ drive
v0x7fbb8d031990_0 .net "regWrite", 0 0, o0x7fbb8d3325d8;  0 drivers
o0x7fbb8d332608 .functor BUFZ 3, C4<zzz>; HiZ drive
v0x7fbb8d031a20_0 .net "reg_endSalto", 2 0, o0x7fbb8d332608;  0 drivers
v0x7fbb8d031ac0 .array "registradores", 0 7, 7 0;
v0x7fbb8d031b60_0 .net "valor_endSalto", 7 0, L_0x7fbb8d0342e0;  1 drivers
v0x7fbb8d031c10_0 .net "valor_reg1", 7 0, L_0x7fbb8d033cf0;  1 drivers
v0x7fbb8d031cc0_0 .net "valor_reg2", 7 0, L_0x7fbb8d033fb0;  1 drivers
v0x7fbb8d031d70_0 .net "valor_regd", 7 0, L_0x7fbb8d033a00;  1 drivers
E_0x7fbb8d030c20 .event posedge, v0x7fbb8d031550_0;
L_0x7fbb8d0337c0 .array/port v0x7fbb8d031ac0, L_0x7fbb8d0338a0;
L_0x7fbb8d0338a0 .concat [ 3 2 0 0], o0x7fbb8d3325a8, L_0x7fbb8d363008;
L_0x7fbb8d033ab0 .array/port v0x7fbb8d031ac0, L_0x7fbb8d033b90;
L_0x7fbb8d033b90 .concat [ 3 2 0 0], o0x7fbb8d332548, L_0x7fbb8d363050;
L_0x7fbb8d033da0 .array/port v0x7fbb8d031ac0, L_0x7fbb8d033e70;
L_0x7fbb8d033e70 .concat [ 3 2 0 0], o0x7fbb8d332578, L_0x7fbb8d363098;
L_0x7fbb8d034080 .array/port v0x7fbb8d031ac0, L_0x7fbb8d034180;
L_0x7fbb8d034180 .concat [ 3 2 0 0], o0x7fbb8d332608, L_0x7fbb8d3630e0;
S_0x7fbb8d006c30 .scope module, "extensorSinal" "extensorSinal" 2 134;
 .timescale 0 0;
    .port_info 0 /INPUT 4 "entrada1";
    .port_info 1 /OUTPUT 8 "saida";
L_0x7fbb8d363128 .functor BUFT 1, C4<0000>, C4<0>, C4<0>, C4<0>;
v0x7fbb8d031f30_0 .net/2u *"_ivl_0", 3 0, L_0x7fbb8d363128;  1 drivers
o0x7fbb8d332938 .functor BUFZ 4, C4<zzzz>; HiZ drive
v0x7fbb8d031fc0_0 .net "entrada1", 3 0, o0x7fbb8d332938;  0 drivers
v0x7fbb8d032050_0 .net "saida", 7 0, L_0x7fbb8d0343d0;  1 drivers
L_0x7fbb8d0343d0 .concat [ 4 4 0 0], o0x7fbb8d332938, L_0x7fbb8d363128;
S_0x7fbb8d006da0 .scope module, "mux2Entradas" "mux2Entradas" 2 93;
 .timescale 0 0;
    .port_info 0 /INPUT 1 "comando";
    .port_info 1 /INPUT 8 "entrada1";
    .port_info 2 /INPUT 8 "entrada2";
    .port_info 3 /OUTPUT 8 "saida";
o0x7fbb8d3329f8 .functor BUFZ 1, C4<z>; HiZ drive
v0x7fbb8d0320f0_0 .net "comando", 0 0, o0x7fbb8d3329f8;  0 drivers
o0x7fbb8d332a28 .functor BUFZ 8, C4<zzzzzzzz>; HiZ drive
v0x7fbb8d0321a0_0 .net "entrada1", 7 0, o0x7fbb8d332a28;  0 drivers
o0x7fbb8d332a58 .functor BUFZ 8, C4<zzzzzzzz>; HiZ drive
v0x7fbb8d032250_0 .net "entrada2", 7 0, o0x7fbb8d332a58;  0 drivers
v0x7fbb8d032310_0 .var "saida", 7 0;
E_0x7fbb8d0090f0 .event edge, v0x7fbb8d0320f0_0;
S_0x7fbb8d016230 .scope module, "mux3Entradas" "mux3Entradas" 2 110;
 .timescale 0 0;
    .port_info 0 /INPUT 2 "comando";
    .port_info 1 /INPUT 8 "entrada1";
    .port_info 2 /INPUT 8 "entrada2";
    .port_info 3 /INPUT 8 "entrada3";
    .port_info 4 /OUTPUT 8 "saida";
o0x7fbb8d332b78 .functor BUFZ 2, C4<zz>; HiZ drive
v0x7fbb8d032470_0 .net "comando", 1 0, o0x7fbb8d332b78;  0 drivers
o0x7fbb8d332ba8 .functor BUFZ 8, C4<zzzzzzzz>; HiZ drive
v0x7fbb8d032530_0 .net "entrada1", 7 0, o0x7fbb8d332ba8;  0 drivers
o0x7fbb8d332bd8 .functor BUFZ 8, C4<zzzzzzzz>; HiZ drive
v0x7fbb8d0325d0_0 .net "entrada2", 7 0, o0x7fbb8d332bd8;  0 drivers
o0x7fbb8d332c08 .functor BUFZ 8, C4<zzzzzzzz>; HiZ drive
v0x7fbb8d032680_0 .net "entrada3", 7 0, o0x7fbb8d332c08;  0 drivers
v0x7fbb8d032730_0 .var "saida", 7 0;
E_0x7fbb8d032420 .event edge, v0x7fbb8d032470_0;
S_0x7fbb8d0163a0 .scope module, "pc_counter" "pc_counter" 2 154;
 .timescale 0 0;
    .port_info 0 /INPUT 1 "clock";
    .port_info 1 /OUTPUT 8 "endereco";
L_0x7fbb8d0344f0 .functor BUFZ 8, v0x7fbb8d032950_0, C4<00000000>, C4<00000000>, C4<00000000>;
o0x7fbb8d332d58 .functor BUFZ 1, C4<z>; HiZ drive
v0x7fbb8d0328a0_0 .net "clock", 0 0, o0x7fbb8d332d58;  0 drivers
v0x7fbb8d032950_0 .var "counter", 7 0;
v0x7fbb8d032a00_0 .net "endereco", 7 0, L_0x7fbb8d0344f0;  1 drivers
E_0x7fbb8d0221c0 .event negedge, v0x7fbb8d0328a0_0;
S_0x7fbb8d0129c0 .scope module, "projeto" "projeto" 2 1;
 .timescale 0 0;
v0x7fbb8d032af0_0 .var "clk", 0 0;
v0x7fbb8d032b90_0 .var "digito_a_ser_dividido", 7 0;
S_0x7fbb8d012b30 .scope module, "unidadecontrole" "unidadecontrole" 2 43;
 .timescale 0 0;
    .port_info 0 /INPUT 4 "opcode";
    .port_info 1 /OUTPUT 1 "le_mem";
    .port_info 2 /OUTPUT 1 "escreve_mem";
    .port_info 3 /OUTPUT 1 "jump";
    .port_info 4 /OUTPUT 1 "beq";
    .port_info 5 /OUTPUT 1 "pulo";
    .port_info 6 /OUTPUT 1 "mem_reg";
    .port_info 7 /OUTPUT 1 "hl";
    .port_info 8 /OUTPUT 1 "origem";
    .port_info 9 /OUTPUT 1 "opAlu";
    .port_info 10 /OUTPUT 1 "regEscreve";
    .port_info 11 /OUTPUT 2 "decideRegSalto";
    .port_info 12 /INPUT 1 "clock";
    .port_info 13 /OUTPUT 1 "Reset";
v0x7fbb8d032c90_0 .var "Reset", 0 0;
v0x7fbb8d032d40_0 .var "beq", 0 0;
o0x7fbb8d332f08 .functor BUFZ 1, C4<z>; HiZ drive
v0x7fbb8d032de0_0 .net "clock", 0 0, o0x7fbb8d332f08;  0 drivers
v0x7fbb8d032e90_0 .var "decideRegSalto", 1 0;
v0x7fbb8d032f40_0 .var "escreve_mem", 0 0;
v0x7fbb8d033020_0 .var "hl", 0 0;
v0x7fbb8d0330c0_0 .var "jump", 0 0;
v0x7fbb8d033160_0 .var "le_mem", 0 0;
v0x7fbb8d033200_0 .var "mem_reg", 0 0;
v0x7fbb8d033310_0 .var "opAlu", 0 0;
o0x7fbb8d333088 .functor BUFZ 4, C4<zzzz>; HiZ drive
v0x7fbb8d0333a0_0 .net "opcode", 3 0, o0x7fbb8d333088;  0 drivers
v0x7fbb8d033450_0 .var "origem", 0 0;
v0x7fbb8d0334f0_0 .var "pulo", 0 0;
v0x7fbb8d033590_0 .var "regEscreve", 0 0;
E_0x7fbb8d032c40 .event posedge, v0x7fbb8d032de0_0;
    .scope S_0x7fbb8d008120;
T_0 ;
    %wait E_0x7fbb8d0308a0;
    %load/vec4 v0x7fbb8d030a60_0;
    %pad/u 32;
    %cmpi/e 0, 0, 32;
    %jmp/0xz  T_0.0, 4;
    %load/vec4 v0x7fbb8d0308f0_0;
    %load/vec4 v0x7fbb8d0309b0_0;
    %add;
    %store/vec4 v0x7fbb8d030b10_0, 0, 8;
    %jmp T_0.1;
T_0.0 ;
    %load/vec4 v0x7fbb8d0308f0_0;
    %load/vec4 v0x7fbb8d0309b0_0;
    %sub;
    %store/vec4 v0x7fbb8d030b10_0, 0, 8;
T_0.1 ;
    %jmp T_0;
    .thread T_0, $push;
    .scope S_0x7fbb8d008290;
T_1 ;
    %pushi/vec4 1, 0, 8;
    %ix/load 4, 5, 0;
    %flag_set/imm 4, 0;
    %store/vec4a v0x7fbb8d031ac0, 4, 0;
    %pushi/vec4 0, 0, 8;
    %ix/load 4, 6, 0;
    %flag_set/imm 4, 0;
    %store/vec4a v0x7fbb8d031ac0, 4, 0;
    %end;
    .thread T_1;
    .scope S_0x7fbb8d008290;
T_2 ;
    %wait E_0x7fbb8d030c20;
    %load/vec4 v0x7fbb8d031990_0;
    %flag_set/vec4 8;
    %jmp/0xz  T_2.0, 8;
    %load/vec4 v0x7fbb8d0315f0_0;
    %load/vec4 v0x7fbb8d031800_0;
    %pad/u 5;
    %ix/vec4 3;
    %ix/load 4, 0, 0; Constant delay
    %assign/vec4/a/d v0x7fbb8d031ac0, 0, 4;
T_2.0 ;
    %jmp T_2;
    .thread T_2;
    .scope S_0x7fbb8d006da0;
T_3 ;
    %wait E_0x7fbb8d0090f0;
    %load/vec4 v0x7fbb8d0320f0_0;
    %pad/u 32;
    %cmpi/e 0, 0, 32;
    %jmp/0xz  T_3.0, 4;
    %load/vec4 v0x7fbb8d0321a0_0;
    %store/vec4 v0x7fbb8d032310_0, 0, 8;
    %jmp T_3.1;
T_3.0 ;
    %load/vec4 v0x7fbb8d032250_0;
    %store/vec4 v0x7fbb8d032310_0, 0, 8;
T_3.1 ;
    %jmp T_3;
    .thread T_3, $push;
    .scope S_0x7fbb8d016230;
T_4 ;
    %wait E_0x7fbb8d032420;
    %load/vec4 v0x7fbb8d032470_0;
    %cmpi/e 0, 0, 2;
    %jmp/0xz  T_4.0, 4;
    %load/vec4 v0x7fbb8d032530_0;
    %store/vec4 v0x7fbb8d032730_0, 0, 8;
    %jmp T_4.1;
T_4.0 ;
    %load/vec4 v0x7fbb8d032470_0;
    %cmpi/e 1, 0, 2;
    %jmp/0xz  T_4.2, 4;
    %load/vec4 v0x7fbb8d0325d0_0;
    %store/vec4 v0x7fbb8d032730_0, 0, 8;
    %jmp T_4.3;
T_4.2 ;
    %load/vec4 v0x7fbb8d032470_0;
    %cmpi/e 3, 0, 2;
    %jmp/0xz  T_4.4, 4;
    %load/vec4 v0x7fbb8d032680_0;
    %store/vec4 v0x7fbb8d032730_0, 0, 8;
T_4.4 ;
T_4.3 ;
T_4.1 ;
    %jmp T_4;
    .thread T_4, $push;
    .scope S_0x7fbb8d0163a0;
T_5 ;
    %pushi/vec4 0, 0, 8;
    %store/vec4 v0x7fbb8d032950_0, 0, 8;
    %end;
    .thread T_5;
    .scope S_0x7fbb8d0163a0;
T_6 ;
    %wait E_0x7fbb8d0221c0;
    %load/vec4 v0x7fbb8d032950_0;
    %addi 1, 0, 8;
    %store/vec4 v0x7fbb8d032950_0, 0, 8;
    %jmp T_6;
    .thread T_6;
    .scope S_0x7fbb8d0129c0;
T_7 ;
    %pushi/vec4 0, 0, 1;
    %store/vec4 v0x7fbb8d032af0_0, 0, 1;
    %end;
    .thread T_7;
    .scope S_0x7fbb8d0129c0;
T_8 ;
    %vpi_call 2 15 "$monitor", "Time=%0d, clk = %0d, digito_a_ser_dividido=%d ,", $time, v0x7fbb8d032af0_0, v0x7fbb8d032b90_0 {0 0 0};
    %end;
    .thread T_8;
    .scope S_0x7fbb8d012b30;
T_9 ;
    %wait E_0x7fbb8d032c40;
    %load/vec4 v0x7fbb8d0333a0_0;
    %dup/vec4;
    %pushi/vec4 12, 0, 4;
    %cmp/z;
    %jmp/1 T_9.0, 4;
    %dup/vec4;
    %pushi/vec4 13, 0, 4;
    %cmp/z;
    %jmp/1 T_9.1, 4;
    %dup/vec4;
    %pushi/vec4 0, 3, 4;
    %cmp/z;
    %jmp/1 T_9.2, 4;
    %dup/vec4;
    %pushi/vec4 8, 3, 4;
    %cmp/z;
    %jmp/1 T_9.3, 4;
    %dup/vec4;
    %pushi/vec4 14, 0, 4;
    %cmp/z;
    %jmp/1 T_9.4, 4;
    %dup/vec4;
    %pushi/vec4 15, 0, 4;
    %cmp/z;
    %jmp/1 T_9.5, 4;
    %jmp T_9.6;
T_9.0 ;
    %pushi/vec4 1, 0, 1;
    %store/vec4 v0x7fbb8d033160_0, 0, 1;
    %pushi/vec4 0, 0, 1;
    %store/vec4 v0x7fbb8d032f40_0, 0, 1;
    %pushi/vec4 0, 0, 1;
    %store/vec4 v0x7fbb8d033450_0, 0, 1;
    %pushi/vec4 1, 0, 1;
    %store/vec4 v0x7fbb8d033590_0, 0, 1;
    %pushi/vec4 0, 0, 1;
    %store/vec4 v0x7fbb8d0330c0_0, 0, 1;
    %pushi/vec4 0, 0, 2;
    %store/vec4 v0x7fbb8d032e90_0, 0, 2;
    %pushi/vec4 1, 0, 1;
    %store/vec4 v0x7fbb8d0334f0_0, 0, 1;
    %pushi/vec4 1, 0, 1;
    %store/vec4 v0x7fbb8d033590_0, 0, 1;
    %pushi/vec4 0, 0, 1;
    %store/vec4 v0x7fbb8d032d40_0, 0, 1;
    %pushi/vec4 0, 0, 1;
    %store/vec4 v0x7fbb8d033310_0, 0, 1;
    %pushi/vec4 1, 0, 1;
    %store/vec4 v0x7fbb8d032c90_0, 0, 1;
    %pushi/vec4 0, 0, 1;
    %store/vec4 v0x7fbb8d033020_0, 0, 1;
    %jmp T_9.6;
T_9.1 ;
    %pushi/vec4 0, 0, 1;
    %store/vec4 v0x7fbb8d033160_0, 0, 1;
    %pushi/vec4 1, 0, 1;
    %store/vec4 v0x7fbb8d032f40_0, 0, 1;
    %pushi/vec4 1, 0, 1;
    %store/vec4 v0x7fbb8d033450_0, 0, 1;
    %pushi/vec4 0, 0, 1;
    %store/vec4 v0x7fbb8d033590_0, 0, 1;
    %pushi/vec4 0, 0, 1;
    %store/vec4 v0x7fbb8d0330c0_0, 0, 1;
    %pushi/vec4 0, 0, 2;
    %store/vec4 v0x7fbb8d032e90_0, 0, 2;
    %pushi/vec4 0, 0, 1;
    %store/vec4 v0x7fbb8d0334f0_0, 0, 1;
    %pushi/vec4 0, 0, 1;
    %store/vec4 v0x7fbb8d033590_0, 0, 1;
    %pushi/vec4 0, 0, 1;
    %store/vec4 v0x7fbb8d032d40_0, 0, 1;
    %pushi/vec4 0, 0, 1;
    %store/vec4 v0x7fbb8d033310_0, 0, 1;
    %pushi/vec4 1, 0, 1;
    %store/vec4 v0x7fbb8d032c90_0, 0, 1;
    %pushi/vec4 0, 0, 1;
    %store/vec4 v0x7fbb8d033020_0, 0, 1;
    %jmp T_9.6;
T_9.2 ;
    %pushi/vec4 0, 0, 1;
    %store/vec4 v0x7fbb8d033160_0, 0, 1;
    %pushi/vec4 0, 0, 1;
    %store/vec4 v0x7fbb8d032f40_0, 0, 1;
    %pushi/vec4 0, 0, 1;
    %store/vec4 v0x7fbb8d033450_0, 0, 1;
    %pushi/vec4 0, 0, 1;
    %store/vec4 v0x7fbb8d033590_0, 0, 1;
    %pushi/vec4 0, 0, 1;
    %store/vec4 v0x7fbb8d0330c0_0, 0, 1;
    %pushi/vec4 2, 0, 2;
    %store/vec4 v0x7fbb8d032e90_0, 0, 2;
    %pushi/vec4 1, 0, 1;
    %store/vec4 v0x7fbb8d0334f0_0, 0, 1;
    %pushi/vec4 0, 0, 1;
    %store/vec4 v0x7fbb8d033590_0, 0, 1;
    %pushi/vec4 1, 0, 1;
    %store/vec4 v0x7fbb8d032d40_0, 0, 1;
    %pushi/vec4 0, 0, 1;
    %store/vec4 v0x7fbb8d033310_0, 0, 1;
    %pushi/vec4 1, 0, 1;
    %store/vec4 v0x7fbb8d032c90_0, 0, 1;
    %pushi/vec4 0, 0, 1;
    %store/vec4 v0x7fbb8d033020_0, 0, 1;
    %jmp T_9.6;
T_9.3 ;
    %pushi/vec4 0, 0, 1;
    %store/vec4 v0x7fbb8d033160_0, 0, 1;
    %pushi/vec4 0, 0, 1;
    %store/vec4 v0x7fbb8d032f40_0, 0, 1;
    %pushi/vec4 1, 0, 1;
    %store/vec4 v0x7fbb8d033450_0, 0, 1;
    %pushi/vec4 1, 0, 1;
    %store/vec4 v0x7fbb8d033590_0, 0, 1;
    %pushi/vec4 0, 0, 1;
    %store/vec4 v0x7fbb8d0330c0_0, 0, 1;
    %pushi/vec4 0, 0, 2;
    %store/vec4 v0x7fbb8d032e90_0, 0, 2;
    %pushi/vec4 0, 0, 1;
    %store/vec4 v0x7fbb8d0334f0_0, 0, 1;
    %pushi/vec4 1, 0, 1;
    %store/vec4 v0x7fbb8d033590_0, 0, 1;
    %pushi/vec4 0, 0, 1;
    %store/vec4 v0x7fbb8d032d40_0, 0, 1;
    %pushi/vec4 1, 0, 1;
    %store/vec4 v0x7fbb8d033310_0, 0, 1;
    %pushi/vec4 1, 0, 1;
    %store/vec4 v0x7fbb8d032c90_0, 0, 1;
    %pushi/vec4 0, 0, 1;
    %store/vec4 v0x7fbb8d033020_0, 0, 1;
    %jmp T_9.6;
T_9.4 ;
    %pushi/vec4 0, 0, 1;
    %store/vec4 v0x7fbb8d033160_0, 0, 1;
    %pushi/vec4 0, 0, 1;
    %store/vec4 v0x7fbb8d032f40_0, 0, 1;
    %pushi/vec4 0, 0, 1;
    %store/vec4 v0x7fbb8d033450_0, 0, 1;
    %pushi/vec4 0, 0, 1;
    %store/vec4 v0x7fbb8d033590_0, 0, 1;
    %pushi/vec4 1, 0, 1;
    %store/vec4 v0x7fbb8d0330c0_0, 0, 1;
    %pushi/vec4 0, 0, 2;
    %store/vec4 v0x7fbb8d032e90_0, 0, 2;
    %pushi/vec4 1, 0, 1;
    %store/vec4 v0x7fbb8d0334f0_0, 0, 1;
    %pushi/vec4 0, 0, 1;
    %store/vec4 v0x7fbb8d033590_0, 0, 1;
    %pushi/vec4 0, 0, 1;
    %store/vec4 v0x7fbb8d032d40_0, 0, 1;
    %pushi/vec4 0, 0, 1;
    %store/vec4 v0x7fbb8d033310_0, 0, 1;
    %pushi/vec4 1, 0, 1;
    %store/vec4 v0x7fbb8d032c90_0, 0, 1;
    %pushi/vec4 0, 0, 1;
    %store/vec4 v0x7fbb8d033020_0, 0, 1;
    %jmp T_9.6;
T_9.5 ;
    %pushi/vec4 0, 0, 1;
    %store/vec4 v0x7fbb8d033160_0, 0, 1;
    %pushi/vec4 0, 0, 1;
    %store/vec4 v0x7fbb8d032f40_0, 0, 1;
    %pushi/vec4 0, 0, 1;
    %store/vec4 v0x7fbb8d033450_0, 0, 1;
    %pushi/vec4 0, 0, 1;
    %store/vec4 v0x7fbb8d033590_0, 0, 1;
    %pushi/vec4 0, 0, 1;
    %store/vec4 v0x7fbb8d0330c0_0, 0, 1;
    %pushi/vec4 0, 0, 2;
    %store/vec4 v0x7fbb8d032e90_0, 0, 2;
    %pushi/vec4 0, 0, 1;
    %store/vec4 v0x7fbb8d0334f0_0, 0, 1;
    %pushi/vec4 0, 0, 1;
    %store/vec4 v0x7fbb8d033590_0, 0, 1;
    %pushi/vec4 0, 0, 1;
    %store/vec4 v0x7fbb8d032d40_0, 0, 1;
    %pushi/vec4 0, 0, 1;
    %store/vec4 v0x7fbb8d033310_0, 0, 1;
    %pushi/vec4 0, 0, 1;
    %store/vec4 v0x7fbb8d032c90_0, 0, 1;
    %pushi/vec4 1, 0, 1;
    %store/vec4 v0x7fbb8d033020_0, 0, 1;
    %jmp T_9.6;
T_9.6 ;
    %pop/vec4 1;
    %jmp T_9;
    .thread T_9;
# The file index is used to find the file name in the following table.
:file_names 3;
    "N/A";
    "<interactive>";
    "projeto.v";
